<?xml version="1.0" encoding="UTF-8"?>
<testng-results ignored="0" total="3" passed="2" failed="1" skipped="0">
  <reporter-output>
  </reporter-output>
  <suite started-at="2024-04-30T12:41:18 IST" name="Suite" finished-at="2024-04-30T12:43:18 IST" duration-ms="120666">
    <groups>
    </groups>
    <test started-at="2024-04-30T12:41:18 IST" name="Test" finished-at="2024-04-30T12:43:18 IST" duration-ms="120666">
      <class name="testcases.CreateAccountPageTest">
        <test-method is-config="true" signature="setUp()[pri:0, instance:testcases.CreateAccountPageTest@411f53a0]" started-at="2024-04-30T12:41:18 IST" name="setUp" finished-at="2024-04-30T12:41:21 IST" duration-ms="3241" status="PASS">
          <reporter-output>
          </reporter-output>
        </test-method> <!-- setUp -->
        <test-method signature="CreateAccount()[pri:0, instance:testcases.CreateAccountPageTest@411f53a0]" started-at="2024-04-30T12:41:21 IST" name="CreateAccount" finished-at="2024-04-30T12:41:48 IST" duration-ms="27334" status="PASS">
          <reporter-output>
          </reporter-output>
        </test-method> <!-- CreateAccount -->
        <test-method is-config="true" signature="tearDown()[pri:0, instance:testcases.CreateAccountPageTest@411f53a0]" started-at="2024-04-30T12:41:48 IST" name="tearDown" finished-at="2024-04-30T12:41:48 IST" duration-ms="212" status="PASS">
          <reporter-output>
          </reporter-output>
        </test-method> <!-- tearDown -->
        <test-method is-config="true" signature="setUp()[pri:0, instance:testcases.CreateAccountPageTest@411f53a0]" started-at="2024-04-30T12:41:48 IST" name="setUp" finished-at="2024-04-30T12:41:51 IST" duration-ms="2938" status="PASS">
          <reporter-output>
          </reporter-output>
        </test-method> <!-- setUp -->
        <test-method signature="validateMandatoryFieldsOnCreateAccountPage()[pri:0, instance:testcases.CreateAccountPageTest@411f53a0]" started-at="2024-04-30T12:41:51 IST" name="validateMandatoryFieldsOnCreateAccountPage" finished-at="2024-04-30T12:42:05 IST" duration-ms="13865" status="PASS">
          <reporter-output>
          </reporter-output>
        </test-method> <!-- validateMandatoryFieldsOnCreateAccountPage -->
        <test-method is-config="true" signature="tearDown()[pri:0, instance:testcases.CreateAccountPageTest@411f53a0]" started-at="2024-04-30T12:42:05 IST" name="tearDown" finished-at="2024-04-30T12:42:05 IST" duration-ms="208" status="PASS">
          <reporter-output>
          </reporter-output>
        </test-method> <!-- tearDown -->
      </class> <!-- testcases.CreateAccountPageTest -->
      <class name="testcases.OrderPlacement">
        <test-method is-config="true" signature="setUp()[pri:0, instance:testcases.OrderPlacement@6200f9cb]" started-at="2024-04-30T12:42:05 IST" name="setUp" finished-at="2024-04-30T12:42:09 IST" duration-ms="3227" status="PASS">
          <reporter-output>
          </reporter-output>
        </test-method> <!-- setUp -->
        <test-method signature="endToEnd()[pri:0, instance:testcases.OrderPlacement@6200f9cb]" started-at="2024-04-30T12:42:09 IST" name="endToEnd" finished-at="2024-04-30T12:43:18 IST" duration-ms="69378" status="FAIL">
          <exception class="java.lang.AssertionError">
            <message>
              <![CDATA[Shipping information does not match the expected value. expected [VSNHF TVWGILF 3 MUB Skopje, 1000 North Macedonia +38977334455] but found []]]>
            </message>
            <full-stacktrace>
              <![CDATA[java.lang.AssertionError: Shipping information does not match the expected value. expected [VSNHF TVWGILF 3 MUB Skopje, 1000 North Macedonia +38977334455] but found []
at org.testng.Assert.fail(Assert.java:110)
at org.testng.Assert.failNotEquals(Assert.java:1413)
at org.testng.Assert.assertEqualsImpl(Assert.java:149)
at org.testng.Assert.assertEquals(Assert.java:131)
at org.testng.Assert.assertEquals(Assert.java:655)
at testcases.OrderPlacement.endToEnd(OrderPlacement.java:124)
at java.base/jdk.internal.reflect.DirectMethodHandleAccessor.invoke(DirectMethodHandleAccessor.java:103)
at java.base/java.lang.reflect.Method.invoke(Method.java:580)
at org.testng.internal.invokers.MethodInvocationHelper.invokeMethod(MethodInvocationHelper.java:139)
at org.testng.internal.invokers.TestInvoker.invokeMethod(TestInvoker.java:677)
at org.testng.internal.invokers.TestInvoker.invokeTestMethod(TestInvoker.java:221)
at org.testng.internal.invokers.MethodRunner.runInSequence(MethodRunner.java:50)
at org.testng.internal.invokers.TestInvoker$MethodInvocationAgent.invoke(TestInvoker.java:969)
at org.testng.internal.invokers.TestInvoker.invokeTestMethods(TestInvoker.java:194)
at org.testng.internal.invokers.TestMethodWorker.invokeTestMethods(TestMethodWorker.java:148)
at org.testng.internal.invokers.TestMethodWorker.run(TestMethodWorker.java:128)
at java.base/java.util.ArrayList.forEach(ArrayList.java:1596)
at org.testng.TestRunner.privateRun(TestRunner.java:829)
at org.testng.TestRunner.run(TestRunner.java:602)
at org.testng.SuiteRunner.runTest(SuiteRunner.java:437)
at org.testng.SuiteRunner.runSequentially(SuiteRunner.java:431)
at org.testng.SuiteRunner.privateRun(SuiteRunner.java:391)
at org.testng.SuiteRunner.run(SuiteRunner.java:330)
at org.testng.SuiteRunnerWorker.runSuite(SuiteRunnerWorker.java:52)
at org.testng.SuiteRunnerWorker.run(SuiteRunnerWorker.java:95)
at org.testng.TestNG.runSuitesSequentially(TestNG.java:1256)
at org.testng.TestNG.runSuitesLocally(TestNG.java:1176)
at org.testng.TestNG.runSuites(TestNG.java:1099)
at org.testng.TestNG.run(TestNG.java:1067)
at org.testng.remote.AbstractRemoteTestNG.run(AbstractRemoteTestNG.java:115)
at org.testng.remote.RemoteTestNG.initAndRun(RemoteTestNG.java:251)
at org.testng.remote.RemoteTestNG.main(RemoteTestNG.java:77)
]]>
            </full-stacktrace>
          </exception> <!-- java.lang.AssertionError -->
          <reporter-output>
          </reporter-output>
        </test-method> <!-- endToEnd -->
        <test-method is-config="true" signature="tearDown()[pri:0, instance:testcases.OrderPlacement@6200f9cb]" started-at="2024-04-30T12:43:18 IST" name="tearDown" finished-at="2024-04-30T12:43:18 IST" duration-ms="215" status="PASS">
          <reporter-output>
          </reporter-output>
        </test-method> <!-- tearDown -->
      </class> <!-- testcases.OrderPlacement -->
    </test> <!-- Test -->
  </suite> <!-- Suite -->
</testng-results>
